<?xml version="1.0" encoding="UTF-8"?>
<!-- Generated by org.testng.reporters.JUnitXMLReporter -->
<testsuite ignored="0" hostname="SagarYenkar" failures="2" tests="4" name="firefoxMobileTest" time="103.656" errors="0" timestamp="2025-03-03T02:43:48 IST">
  <testcase classname="qa.tests.TestCase1" name="searchProductAndAdd" time="22.888">
    <failure type="java.lang.AssertionError" message="❌ Subtotal mismatch! The sum of product prices does not match. expected [40980.0] but found [122940.0]">
      <![CDATA[java.lang.AssertionError: ❌ Subtotal mismatch! The sum of product prices does not match. expected [40980.0] but found [122940.0]
at pageEvents.SearchAndAddToCartEvents.verifyCartSubtotal(SearchAndAddToCartEvents.java:99)
at qa.tests.TestCase1.searchProductAndAdd(TestCase1.java:46)
at java.base/java.util.ArrayList.forEach(ArrayList.java:1511)
... Removed 34 stack frames]]>
    </failure>
  </testcase> <!-- searchProductAndAdd -->
  <testcase classname="qa.tests.TestCase1" name="validateNavigationBar" time="0.472"/>
  <testcase classname="qa.tests.TestCase1" name="verfyEnteringCredential" time="12.857"/>
  <testcase classname="qa.tests.TestCase1" name="EmptyCart" time="37.844">
    <failure type="org.openqa.selenium.NoSuchElementException" message="Unable to locate element: (//input[@data-action=&amp;apos;delete&amp;apos;])[2]
For documentation on this error, please visit: https://www.selenium.dev/documentation/webdriver/troubleshooting/errors#no-such-element-exception
Build info: version: &amp;apos;4.18.1&amp;apos;, revision: &amp;apos;b1d3319b48&amp;apos;
System info: os.name: &amp;apos;Windows 11&amp;apos;, os.arch: &amp;apos;amd64&amp;apos;, os.version: &amp;apos;10.0&amp;apos;, java.version: &amp;apos;17.0.3&amp;apos;
Driver info: org.openqa.selenium.firefox.FirefoxDriver
Command: [e374dfb4-0981-45a5-8ba4-2dd327f444d2, findElement {using=xpath, value=(//input[@data-action=&amp;apos;delete&amp;apos;])[2]}]
Capabilities {acceptInsecureCerts: true, browserName: firefox, browserVersion: 135.0.1, moz:accessibilityChecks: false, moz:buildID: 20250216192613, moz:geckodriverVersion: 0.36.0, moz:headless: true, moz:platformVersion: 10.0, moz:processID: 2512, moz:profile: C:\Users\HP\AppData\Local\T..., moz:shutdownTimeout: 60000, moz:webdriverClick: true, moz:windowless: false, pageLoadStrategy: normal, platformName: windows, proxy: Proxy(), setWindowRect: true, strictFileInteractability: false, timeouts: {implicit: 0, pageLoad: 300000, script: 30000}, unhandledPromptBehavior: dismiss and notify, userAgent: Mozilla/5.0 (Windows NT 10....}
Session ID: e374dfb4-0981-45a5-8ba4-2dd327f444d2">
      <![CDATA[org.openqa.selenium.NoSuchElementException: Unable to locate element: (//input[@data-action='delete'])[2]
For documentation on this error, please visit: https://www.selenium.dev/documentation/webdriver/troubleshooting/errors#no-such-element-exception
Build info: version: '4.18.1', revision: 'b1d3319b48'
System info: os.name: 'Windows 11', os.arch: 'amd64', os.version: '10.0', java.version: '17.0.3'
Driver info: org.openqa.selenium.firefox.FirefoxDriver
Command: [e374dfb4-0981-45a5-8ba4-2dd327f444d2, findElement {using=xpath, value=(//input[@data-action='delete'])[2]}]
Capabilities {acceptInsecureCerts: true, browserName: firefox, browserVersion: 135.0.1, moz:accessibilityChecks: false, moz:buildID: 20250216192613, moz:geckodriverVersion: 0.36.0, moz:headless: true, moz:platformVersion: 10.0, moz:processID: 2512, moz:profile: C:\Users\HP\AppData\Local\T..., moz:shutdownTimeout: 60000, moz:webdriverClick: true, moz:windowless: false, pageLoadStrategy: normal, platformName: windows, proxy: Proxy(), setWindowRect: true, strictFileInteractability: false, timeouts: {implicit: 0, pageLoad: 300000, script: 30000}, unhandledPromptBehavior: dismiss and notify, userAgent: Mozilla/5.0 (Windows NT 10....}
Session ID: e374dfb4-0981-45a5-8ba4-2dd327f444d2
at org.openqa.selenium.remote.ErrorCodec.decode(ErrorCodec.java:167)
at org.openqa.selenium.remote.codec.w3c.W3CHttpResponseCodec.decode(W3CHttpResponseCodec.java:138)
at org.openqa.selenium.remote.codec.w3c.W3CHttpResponseCodec.decode(W3CHttpResponseCodec.java:50)
at org.openqa.selenium.remote.HttpCommandExecutor.execute(HttpCommandExecutor.java:190)
at org.openqa.selenium.remote.service.DriverCommandExecutor.invokeExecute(DriverCommandExecutor.java:216)
at org.openqa.selenium.remote.service.DriverCommandExecutor.execute(DriverCommandExecutor.java:174)
at org.openqa.selenium.remote.RemoteWebDriver.execute(RemoteWebDriver.java:519)
at org.openqa.selenium.remote.ElementLocation$ElementFinder$2.findElement(ElementLocation.java:165)
at org.openqa.selenium.remote.ElementLocation.findElement(ElementLocation.java:59)
at org.openqa.selenium.remote.RemoteWebDriver.findElement(RemoteWebDriver.java:356)
at org.openqa.selenium.remote.RemoteWebDriver.findElement(RemoteWebDriver.java:350)
at utils.ElementFetch.getWebElement(ElementFetch.java:20)
at pageEvents.SearchAndAddToCartEvents.removeItemsFromCart(SearchAndAddToCartEvents.java:108)
at qa.tests.TestCase1.EmptyCart(TestCase1.java:54)
at java.base/java.util.ArrayList.forEach(ArrayList.java:1511)
... Removed 36 stack frames]]>
    </failure>
  </testcase> <!-- EmptyCart -->
</testsuite> <!-- firefoxMobileTest -->
