<?xml version="1.0" encoding="UTF-8"?>
<!-- Generated by org.testng.reporters.JUnitXMLReporter -->
<testsuite ignored="2" hostname="SagarYenkar" failures="1" tests="1" name="Test" time="38.775" errors="0" timestamp="2025-03-01T23:54:19 IST">
  <testcase classname="qa.tests.TestCase1" name="searchProductAndAdd" time="27.492">
    <failure type="java.lang.IllegalStateException" message="WebDriver is not initialized!">
      <![CDATA[java.lang.IllegalStateException: WebDriver is not initialized!
at pageEvents.SearchAndAddToCartEvents.verifyCartSubtotal(SearchAndAddToCartEvents.java:106)
at qa.tests.TestCase1.searchProductAndAdd(TestCase1.java:42)
at java.base/java.util.ArrayList.forEach(ArrayList.java:1511)
... Removed 27 stack frames]]>
    </failure>
  </testcase> <!-- searchProductAndAdd -->
  <testcase classname="qa.tests.TestCase1" name="validateNavigationBar" time="0.0">
    <ignored/>
  </testcase> <!-- validateNavigationBar -->
  <testcase classname="qa.tests.TestCase1" name="verfyEnteringCredential" time="0.0">
    <ignored/>
  </testcase> <!-- verfyEnteringCredential -->
</testsuite> <!-- Test -->
